::1 - - [21/Apr/2025:20:08:02 +0000] "GET / HTTP/1.1" 200 49 "-" "Mozilla/5.0 (Windows NT 10.0; Win64; x64) AppleWebKit/537.36 (KHTML, like Gecko) Chrome/135.0.0.0 Safari/537.36"
::1 - - [21/Apr/2025:20:08:02 +0000] "GET /favicon.ico HTTP/1.1" 404 66 "-" "Mozilla/5.0 (Windows NT 10.0; Win64; x64) AppleWebKit/537.36 (KHTML, like Gecko) Chrome/135.0.0.0 Safari/537.36"
::1 - - [22/Apr/2025:11:35:44 +0000] "POST / HTTP/1.1" 404 56 "-" "PostmanRuntime/7.39.1"
::1 - - [22/Apr/2025:11:35:48 +0000] "GET / HTTP/1.1" 200 49 "-" "PostmanRuntime/7.39.1"
::1 - - [22/Apr/2025:11:38:19 +0000] "POST /api/auth/register HTTP/1.1" 400 47 "-" "PostmanRuntime/7.39.1"
::1 - - [22/Apr/2025:11:39:26 +0000] "POST /api/webhooks HTTP/1.1" 401 35 "-" "Stripe/1.0 (+https://stripe.com/docs/webhooks)"
::1 - - [22/Apr/2025:11:39:26 +0000] "POST /api/auth/register HTTP/1.1" 201 466 "-" "PostmanRuntime/7.39.1"
::1 - - [22/Apr/2025:11:41:53 +0000] "POST /api/auth/login HTTP/1.1" 200 454 "-" "PostmanRuntime/7.39.1"
::1 - - [22/Apr/2025:11:46:32 +0000] "POST /api/auth/create-mock-user HTTP/1.1" 401 35 "-" "PostmanRuntime/7.39.1"
::1 - - [22/Apr/2025:11:47:07 +0000] "POST /api/auth/create-mock-user HTTP/1.1" 401 35 "-" "PostmanRuntime/7.39.1"
::1 - - [22/Apr/2025:11:53:40 +0000] "POST /api/webhooks HTTP/1.1" 401 35 "-" "Stripe/1.0 (+https://stripe.com/docs/webhooks)"
::1 - - [22/Apr/2025:11:53:41 +0000] "POST /api/auth/register HTTP/1.1" 201 455 "-" "PostmanRuntime/7.39.1"
::1 - - [22/Apr/2025:11:54:47 +0000] "POST /api/auth/login HTTP/1.1" 200 445 "-" "PostmanRuntime/7.39.1"
::1 - - [22/Apr/2025:11:55:12 +0000] "POST /api/auth/create-mock-user HTTP/1.1" 401 35 "-" "PostmanRuntime/7.39.1"
::1 - - [22/Apr/2025:11:55:25 +0000] "POST /api/auth/create-mock-user HTTP/1.1" 403 91 "-" "PostmanRuntime/7.39.1"
::1 - - [22/Apr/2025:11:56:05 +0000] "POST /api/auth/create-mock-user HTTP/1.1" 404 81 "-" "PostmanRuntime/7.39.1"
::1 - - [22/Apr/2025:11:56:16 +0000] "POST /api/auth/create-mock-user HTTP/1.1" 404 81 "-" "PostmanRuntime/7.39.1"
::1 - - [22/Apr/2025:11:56:25 +0000] "POST /api/auth/create-mock-user HTTP/1.1" 404 81 "-" "PostmanRuntime/7.39.1"
::1 - - [22/Apr/2025:11:57:24 +0000] "POST /api/admin/create-mock-user HTTP/1.1" 201 214 "-" "PostmanRuntime/7.39.1"
::1 - - [22/Apr/2025:11:58:22 +0000] "GET /api/admin/users HTTP/1.1" 200 580 "-" "PostmanRuntime/7.39.1"
::1 - - [22/Apr/2025:12:00:31 +0000] "POST /api/auth/register HTTP/1.1" 201 450 "-" "PostmanRuntime/7.39.1"
::1 - - [22/Apr/2025:12:00:31 +0000] "POST /api/webhooks HTTP/1.1" 401 35 "-" "Stripe/1.0 (+https://stripe.com/docs/webhooks)"
::1 - - [22/Apr/2025:12:00:46 +0000] "POST /api/auth/login HTTP/1.1" 200 438 "-" "PostmanRuntime/7.39.1"
::1 - - [22/Apr/2025:12:03:10 +0000] "POST /api/auth/login HTTP/1.1" 200 438 "-" "PostmanRuntime/7.39.1"
::1 - - [22/Apr/2025:12:03:24 +0000] "POST /api/subscriptions/create-checkout-session HTTP/1.1" 401 25 "-" "PostmanRuntime/7.39.1"
::1 - - [22/Apr/2025:12:03:28 +0000] "POST /api/subscriptions/create-checkout-session HTTP/1.1" 401 25 "-" "PostmanRuntime/7.39.1"
::1 - - [22/Apr/2025:12:03:38 +0000] "POST /api/auth/login HTTP/1.1" 200 438 "-" "PostmanRuntime/7.39.1"
::1 - - [22/Apr/2025:12:03:57 +0000] "POST /api/subscriptions/create-checkout-session HTTP/1.1" 500 45 "-" "PostmanRuntime/7.39.1"
::1 - - [22/Apr/2025:12:06:37 +0000] "POST /api/subscriptions/create-checkout-session HTTP/1.1" 200 465 "-" "PostmanRuntime/7.39.1"
::1 - - [22/Apr/2025:12:09:08 +0000] "POST /api/webhooks/stripe HTTP/1.1" 400 49 "-" "Stripe/1.0 (+https://stripe.com/docs/webhooks)"
::1 - - [22/Apr/2025:12:09:08 +0000] "POST /api/webhooks/stripe HTTP/1.1" 400 49 "-" "Stripe/1.0 (+https://stripe.com/docs/webhooks)"
::1 - - [22/Apr/2025:12:09:08 +0000] "POST /api/webhooks/stripe HTTP/1.1" 400 49 "-" "Stripe/1.0 (+https://stripe.com/docs/webhooks)"
::1 - - [22/Apr/2025:12:09:08 +0000] "POST /api/webhooks/stripe HTTP/1.1" 400 49 "-" "Stripe/1.0 (+https://stripe.com/docs/webhooks)"
::1 - - [22/Apr/2025:12:09:08 +0000] "POST /api/webhooks/stripe HTTP/1.1" 400 49 "-" "Stripe/1.0 (+https://stripe.com/docs/webhooks)"
::1 - - [22/Apr/2025:12:09:08 +0000] "POST /api/webhooks/stripe HTTP/1.1" 400 49 "-" "Stripe/1.0 (+https://stripe.com/docs/webhooks)"
::1 - - [22/Apr/2025:12:09:08 +0000] "POST /api/webhooks/stripe HTTP/1.1" 400 49 "-" "Stripe/1.0 (+https://stripe.com/docs/webhooks)"
::1 - - [22/Apr/2025:12:09:08 +0000] "POST /api/webhooks/stripe HTTP/1.1" 400 49 "-" "Stripe/1.0 (+https://stripe.com/docs/webhooks)"
::1 - - [22/Apr/2025:12:09:09 +0000] "POST /api/webhooks/stripe HTTP/1.1" 400 49 "-" "Stripe/1.0 (+https://stripe.com/docs/webhooks)"
::1 - - [22/Apr/2025:12:09:09 +0000] "POST /api/webhooks/stripe HTTP/1.1" 400 49 "-" "Stripe/1.0 (+https://stripe.com/docs/webhooks)"
::1 - - [22/Apr/2025:12:09:09 +0000] "POST /api/webhooks/stripe HTTP/1.1" 400 49 "-" "Stripe/1.0 (+https://stripe.com/docs/webhooks)"
::1 - - [22/Apr/2025:12:15:46 +0000] "POST /api/webhooks/stripe HTTP/1.1" 400 49 "-" "Stripe/1.0 (+https://stripe.com/docs/webhooks)"
::1 - - [22/Apr/2025:12:15:46 +0000] "POST /api/auth/register HTTP/1.1" 201 451 "-" "PostmanRuntime/7.39.1"
::1 - - [22/Apr/2025:12:16:08 +0000] "POST /api/subscriptions/create-checkout-session HTTP/1.1" 200 465 "-" "PostmanRuntime/7.39.1"
::1 - - [22/Apr/2025:12:16:38 +0000] "POST /api/webhooks/stripe HTTP/1.1" 400 49 "-" "Stripe/1.0 (+https://stripe.com/docs/webhooks)"
::1 - - [22/Apr/2025:12:16:38 +0000] "POST /api/webhooks/stripe HTTP/1.1" 400 49 "-" "Stripe/1.0 (+https://stripe.com/docs/webhooks)"
::1 - - [22/Apr/2025:12:16:38 +0000] "POST /api/webhooks/stripe HTTP/1.1" 400 49 "-" "Stripe/1.0 (+https://stripe.com/docs/webhooks)"
::1 - - [22/Apr/2025:12:16:38 +0000] "POST /api/webhooks/stripe HTTP/1.1" 400 49 "-" "Stripe/1.0 (+https://stripe.com/docs/webhooks)"
::1 - - [22/Apr/2025:12:16:38 +0000] "POST /api/webhooks/stripe HTTP/1.1" 400 49 "-" "Stripe/1.0 (+https://stripe.com/docs/webhooks)"
::1 - - [22/Apr/2025:12:16:38 +0000] "POST /api/webhooks/stripe HTTP/1.1" 400 49 "-" "Stripe/1.0 (+https://stripe.com/docs/webhooks)"
::1 - - [22/Apr/2025:12:16:38 +0000] "POST /api/webhooks/stripe HTTP/1.1" 400 49 "-" "Stripe/1.0 (+https://stripe.com/docs/webhooks)"
::1 - - [22/Apr/2025:12:16:39 +0000] "POST /api/webhooks/stripe HTTP/1.1" 400 49 "-" "Stripe/1.0 (+https://stripe.com/docs/webhooks)"
::1 - - [22/Apr/2025:12:16:39 +0000] "POST /api/webhooks/stripe HTTP/1.1" 400 49 "-" "Stripe/1.0 (+https://stripe.com/docs/webhooks)"
::1 - - [22/Apr/2025:12:16:39 +0000] "POST /api/webhooks/stripe HTTP/1.1" 400 49 "-" "Stripe/1.0 (+https://stripe.com/docs/webhooks)"
::1 - - [22/Apr/2025:12:16:39 +0000] "POST /api/webhooks/stripe HTTP/1.1" 400 49 "-" "Stripe/1.0 (+https://stripe.com/docs/webhooks)"
::1 - - [22/Apr/2025:12:17:45 +0000] "POST /api/webhooks/stripe HTTP/1.1" 400 49 "-" "Stripe/1.0 (+https://stripe.com/docs/webhooks)"
::1 - - [22/Apr/2025:12:17:45 +0000] "POST /api/auth/register HTTP/1.1" 201 452 "-" "PostmanRuntime/7.39.1"
::1 - - [22/Apr/2025:12:18:12 +0000] "POST /api/subscriptions/create-checkout-session HTTP/1.1" 200 465 "-" "PostmanRuntime/7.39.1"
::1 - - [22/Apr/2025:12:18:49 +0000] "POST /api/webhooks/stripe HTTP/1.1" 400 49 "-" "Stripe/1.0 (+https://stripe.com/docs/webhooks)"
::1 - - [22/Apr/2025:12:18:49 +0000] "POST /api/webhooks/stripe HTTP/1.1" 400 49 "-" "Stripe/1.0 (+https://stripe.com/docs/webhooks)"
::1 - - [22/Apr/2025:12:18:49 +0000] "POST /api/webhooks/stripe HTTP/1.1" 400 49 "-" "Stripe/1.0 (+https://stripe.com/docs/webhooks)"
::1 - - [22/Apr/2025:12:18:49 +0000] "POST /api/webhooks/stripe HTTP/1.1" 400 49 "-" "Stripe/1.0 (+https://stripe.com/docs/webhooks)"
::1 - - [22/Apr/2025:12:18:49 +0000] "POST /api/webhooks/stripe HTTP/1.1" 400 49 "-" "Stripe/1.0 (+https://stripe.com/docs/webhooks)"
::1 - - [22/Apr/2025:12:18:49 +0000] "POST /api/webhooks/stripe HTTP/1.1" 400 49 "-" "Stripe/1.0 (+https://stripe.com/docs/webhooks)"
::1 - - [22/Apr/2025:12:18:49 +0000] "POST /api/webhooks/stripe HTTP/1.1" 400 49 "-" "Stripe/1.0 (+https://stripe.com/docs/webhooks)"
::1 - - [22/Apr/2025:12:18:49 +0000] "POST /api/webhooks/stripe HTTP/1.1" 400 49 "-" "Stripe/1.0 (+https://stripe.com/docs/webhooks)"
::1 - - [22/Apr/2025:12:18:49 +0000] "POST /api/webhooks/stripe HTTP/1.1" 400 49 "-" "Stripe/1.0 (+https://stripe.com/docs/webhooks)"
::1 - - [22/Apr/2025:12:18:49 +0000] "POST /api/webhooks/stripe HTTP/1.1" 400 49 "-" "Stripe/1.0 (+https://stripe.com/docs/webhooks)"
::1 - - [22/Apr/2025:12:18:50 +0000] "POST /api/webhooks/stripe HTTP/1.1" 400 49 "-" "Stripe/1.0 (+https://stripe.com/docs/webhooks)"
::1 - - [22/Apr/2025:12:20:00 +0000] "POST /api/webhooks/stripe HTTP/1.1" 200 17 "-" "Stripe/1.0 (+https://stripe.com/docs/webhooks)"
::1 - - [22/Apr/2025:12:20:00 +0000] "POST /api/auth/register HTTP/1.1" 201 453 "-" "PostmanRuntime/7.39.1"
::1 - - [22/Apr/2025:12:21:13 +0000] "POST /api/subscriptions/create-checkout-session HTTP/1.1" 200 465 "-" "PostmanRuntime/7.39.1"
::1 - - [22/Apr/2025:12:21:43 +0000] "POST /api/webhooks/stripe HTTP/1.1" 200 17 "-" "Stripe/1.0 (+https://stripe.com/docs/webhooks)"
::1 - - [22/Apr/2025:12:21:43 +0000] "POST /api/webhooks/stripe HTTP/1.1" 200 17 "-" "Stripe/1.0 (+https://stripe.com/docs/webhooks)"
::1 - - [22/Apr/2025:12:21:43 +0000] "POST /api/webhooks/stripe HTTP/1.1" 200 17 "-" "Stripe/1.0 (+https://stripe.com/docs/webhooks)"
::1 - - [22/Apr/2025:12:21:43 +0000] "POST /api/webhooks/stripe HTTP/1.1" 200 17 "-" "Stripe/1.0 (+https://stripe.com/docs/webhooks)"
::1 - - [22/Apr/2025:12:21:43 +0000] "POST /api/webhooks/stripe HTTP/1.1" 200 17 "-" "Stripe/1.0 (+https://stripe.com/docs/webhooks)"
::1 - - [22/Apr/2025:12:21:43 +0000] "POST /api/webhooks/stripe HTTP/1.1" 200 17 "-" "Stripe/1.0 (+https://stripe.com/docs/webhooks)"
::1 - - [22/Apr/2025:12:21:43 +0000] "POST /api/webhooks/stripe HTTP/1.1" 200 17 "-" "Stripe/1.0 (+https://stripe.com/docs/webhooks)"
::1 - - [22/Apr/2025:12:21:43 +0000] "POST /api/webhooks/stripe HTTP/1.1" 200 17 "-" "Stripe/1.0 (+https://stripe.com/docs/webhooks)"
::1 - - [22/Apr/2025:12:21:43 +0000] "POST /api/webhooks/stripe HTTP/1.1" 200 17 "-" "Stripe/1.0 (+https://stripe.com/docs/webhooks)"
::1 - - [22/Apr/2025:12:21:43 +0000] "POST /api/webhooks/stripe HTTP/1.1" 200 17 "-" "Stripe/1.0 (+https://stripe.com/docs/webhooks)"
::1 - - [22/Apr/2025:12:21:43 +0000] "POST /api/webhooks/stripe HTTP/1.1" 200 17 "-" "Stripe/1.0 (+https://stripe.com/docs/webhooks)"
::1 - - [22/Apr/2025:12:32:38 +0000] "POST /api/auth/login HTTP/1.1" 200 438 "-" "PostmanRuntime/7.39.1"
::1 - - [22/Apr/2025:12:34:36 +0000] "POST /api/transfer HTTP/1.1" 200 301 "-" "PostmanRuntime/7.39.1"
::1 - - [22/Apr/2025:12:37:01 +0000] "GET /api/balance HTTP/1.1" 200 71 "-" "PostmanRuntime/7.39.1"
::1 - - [22/Apr/2025:12:39:07 +0000] "GET /api/transactions HTTP/1.1" 200 1958 "-" "PostmanRuntime/7.39.1"
::1 - - [22/Apr/2025:12:43:21 +0000] "GET /api/invoice?start=2025-04-01&end=2025-04-20 HTTP/1.1" 200 194 "-" "PostmanRuntime/7.39.1"
::1 - - [22/Apr/2025:12:43:40 +0000] "GET /api/invoice?start=2025-04-01&end=2025-04-22 HTTP/1.1" 200 194 "-" "PostmanRuntime/7.39.1"
::1 - - [22/Apr/2025:12:43:41 +0000] "GET /api/invoice?start=2025-04-01&end=2025-04-22 HTTP/1.1" 200 194 "-" "PostmanRuntime/7.39.1"
::1 - - [22/Apr/2025:12:43:53 +0000] "GET /api/invoice?start=2025-04-01&end=2025-04-22 HTTP/1.1" 200 194 "-" "PostmanRuntime/7.39.1"
::1 - - [22/Apr/2025:12:44:01 +0000] "GET /api/transactions HTTP/1.1" 200 1884 "-" "PostmanRuntime/7.39.1"
::1 - - [22/Apr/2025:12:49:28 +0000] "POST /api/subscriptions/cancel HTTP/1.1" 500 41 "-" "PostmanRuntime/7.39.1"
::1 - - [22/Apr/2025:12:51:19 +0000] "POST /api/subscriptions/cancel HTTP/1.1" 200 82 "-" "PostmanRuntime/7.39.1"
::1 - - [22/Apr/2025:12:51:19 +0000] "POST /api/webhooks/stripe HTTP/1.1" 200 17 "-" "Stripe/1.0 (+https://stripe.com/docs/webhooks)"
